<?xml version="1.0" encoding="utf-8"?><testsuites name="pytest tests"><testsuite name="pytest" errors="0" failures="0" skipped="0" tests="12" time="1.160" timestamp="2026-05-06T02:58:56.566612+00:00" hostname="agent-env-3d44a993-174f-41df-8d37-751154b205b8"><testcase classname="backend.tests.test_devil_api.TestHealth" name="test_root" time="0.173" /><testcase classname="backend.tests.test_devil_api.TestVisitOnline" name="test_visit_and_online" time="0.106" /><testcase classname="backend.tests.test_devil_api.TestVisitOnline" name="test_visit_default_visitor_id" time="0.055" /><testcase classname="backend.tests.test_devil_api.TestStats" name="test_stats_shape" time="0.049" /><testcase classname="backend.tests.test_devil_api.TestContact" name="test_contact_valid" time="0.082" /><testcase classname="backend.tests.test_devil_api.TestContact" name="test_contact_invalid_email" time="0.050" /><testcase classname="backend.tests.test_devil_api.TestContact" name="test_contact_missing_fields" time="0.045" /><testcase classname="backend.tests.test_devil_api.TestGuestbook" name="test_create_and_list" time="0.095" /><testcase classname="backend.tests.test_devil_api.TestGuestbook" name="test_guestbook_invalid_color_fallback" time="0.051" /><testcase classname="backend.tests.test_devil_api.TestGuestbook" name="test_guestbook_too_long_message_validation" time="0.050" /><testcase classname="backend.tests.test_devil_api.TestTerminal" name="test_terminal_log_increments_commands" time="0.151" /><testcase classname="backend.tests.test_devil_api.TestTerminal" name="test_terminal_log_empty_rejected" time="0.052" /></testsuite></testsuites>